[2024-10-24 20:34:44,707][numexpr.utils][INFO] - Note: detected 96 virtual cores but NumExpr set to maximum of 64, check "NUMEXPR_MAX_THREADS" environment variable.
[2024-10-24 20:34:44,708][numexpr.utils][INFO] - Note: NumExpr detected 96 cores but "NUMEXPR_MAX_THREADS" not set, so enforcing safe limit of 16.
[2024-10-24 20:34:44,711][numexpr.utils][INFO] - NumExpr defaulting to 16 threads.
[2024-10-24 20:34:44,908][train.utils.utils][INFO] - Disabling python warnings! <config.ignore_warnings=True>
[2024-10-24 20:34:44,944][lightning_lite.utilities.seed][INFO] - Global seed set to 1111
[2024-10-24 20:34:44,970][train.tasks.seq][INFO] - Instantiating datamodule <train.datamodules.language_modeling_hf.LMDataModule>
[2024-10-24 20:34:45,191][train.utils.utils][INFO] - Load from cache at /scratch/openwebtext/cache/tokenizer_name-gpt2-val_ratio-0.0005-val_split_seed-2357-add_eos-True-detokenize-False
[2024-10-24 20:34:45,282][train.utils.utils][INFO] - Load from cache at /scratch/openwebtext/cache/tokenizer_name-gpt2-val_ratio-0.0005-val_split_seed-2357-add_eos-True-detokenize-False
[2024-10-24 20:34:45,362][train.tasks.seq][INFO] - Instantiating model <flash_attn.models.gpt.GPTLMHeadModel>
[2024-10-24 20:34:48,049][train.training][INFO] - Instantiating callback <pytorch_lightning.callbacks.RichModelSummary>
[2024-10-24 20:34:48,049][train.training][INFO] - Instantiating callback <pytorch_lightning.callbacks.ModelCheckpoint>
[2024-10-24 20:34:48,052][train.training][INFO] - Instantiating callback <pytorch_lightning.callbacks.LearningRateMonitor>
[2024-10-24 20:34:48,052][train.training][INFO] - Instantiating callback <train.callbacks.speed_monitor.SpeedMonitor>
[2024-10-24 20:34:48,056][train.training][INFO] - Instantiating callback <train.callbacks.loss_scale_monitor.LossScaleMonitor>
[2024-10-24 20:34:48,057][train.training][INFO] - Instantiating callback <train.callbacks.params_log.ParamsLog>
[2024-10-24 20:34:48,058][train.training][INFO] - Instantiating callback <train.callbacks.gpu_affinity.GpuAffinity>
[2024-10-24 20:34:48,059][train.training][INFO] - Instantiating callback <train.callbacks.norm_monitor.NormMonitor>
[2024-10-24 20:34:48,060][train.training][INFO] - Instantiating callback <train.callbacks.model_checkpoint.ModelCheckpointMine>
[2024-10-24 20:34:48,062][train.training][INFO] - Instantiating logger <pytorch_lightning.loggers.wandb.WandbLogger>
[2024-10-24 20:34:49,537][train.training][INFO] - Instantiating trainer <pytorch_lightning.Trainer>
[2024-10-24 20:34:49,542][pytorch_lightning.utilities.rank_zero][INFO] - Using 16bit native Automatic Mixed Precision (AMP)
[2024-10-24 20:34:49,543][pytorch_lightning.utilities.rank_zero][INFO] - Trainer already configured with model summary callbacks: [<class 'pytorch_lightning.callbacks.rich_model_summary.RichModelSummary'>]. Skipping setting a default `ModelSummary` callback.
[2024-10-24 20:34:49,573][pytorch_lightning.utilities.rank_zero][INFO] - GPU available: True (cuda), used: True
[2024-10-24 20:34:49,619][pytorch_lightning.utilities.rank_zero][INFO] - TPU available: False, using: 0 TPU cores
[2024-10-24 20:34:49,619][pytorch_lightning.utilities.rank_zero][INFO] - IPU available: False, using: 0 IPUs
[2024-10-24 20:34:49,620][pytorch_lightning.utilities.rank_zero][INFO] - HPU available: False, using: 0 HPUs
[2024-10-24 20:34:49,621][train.training][INFO] - Starting training!
[2024-10-24 20:34:49,628][train.utils.utils][INFO] - Load from cache at /scratch/openwebtext/cache/tokenizer_name-gpt2-val_ratio-0.0005-val_split_seed-2357-add_eos-True-detokenize-False
[2024-10-24 20:34:49,834][train.utils.utils][INFO] - Load from cache at /scratch/openwebtext/cache/tokenizer_name-gpt2-val_ratio-0.0005-val_split_seed-2357-add_eos-True-detokenize-False
[2024-10-24 20:34:50,079][train.callbacks.gpu_affinity][INFO] - 0: thread affinity: {0, 1, 2, 3, 4, 5, 6, 7, 8, 9, 10, 11}
[2024-10-24 20:34:50,371][pytorch_lightning.accelerators.cuda][INFO] - LOCAL_RANK: 0 - CUDA_VISIBLE_DEVICES: [5]
